<?xml version="1.0" encoding="UTF-8"?>
<testsuite xmlns:xsi="http://www.w3.org/2001/XMLSchema-instance" xsi:noNamespaceSchemaLocation="https://maven.apache.org/surefire/maven-surefire-plugin/xsd/surefire-test-report.xsd" name="TestSuite" time="31.077" tests="6" errors="0" skipped="0" failures="2">
  <properties>
[...]
</properties>
  <testcase name="TC_02" classname="test.AdminLoginTest" time="2.041"/>
  <testcase name="TC_03" classname="test.AdminLoginTest" time="2.891"/>
  <testcase name="TC_04" classname="test.AdminLoginTest" time="1.156"/>
  <testcase name="TC_05" classname="test.AdminLoginTest" time="11.377">
    <failure message="Expected condition failed: waiting for visibility of Proxy element for: DefaultElementLocator &apos;By.xpath: //a[text()=&apos;Logoff&apos;]&apos; (tried for 10 second(s) with 100 milliseconds interval)" type="org.openqa.selenium.TimeoutException">org.openqa.selenium.TimeoutException: Expected condition failed: waiting for visibility of Proxy element for: DefaultElementLocator 'By.xpath: //a[text()='Logoff']' (tried for 10 second(s) with 100 milliseconds interval)
	at test.AdminLoginTest.TC_05(AdminLoginTest.java:68)
Caused by: org.openqa.selenium.NoSuchElementException: 
no such element: Unable to locate element: {"method":"xpath","selector":"//a[text()='Logoff']"}
  (Session info: chrome=112.0.5615.138)
For documentation on this error, please visit: https://selenium.dev/exceptions/#no_such_element
Build info: version: '4.8.0', revision: '267030adea'
System info: os.name: 'Windows 10', os.arch: 'amd64', os.version: '10.0', java.version: '17.0.6'
Driver info: org.openqa.selenium.remote.RemoteWebDriver
Command: [96cd080335af9c3d241773ae68a1c1a9, findElement {using=xpath, value=//a[text()='Logoff']}]
Capabilities {acceptInsecureCerts: false, browserName: chrome, browserVersion: 112.0.5615.138, chrome: {chromedriverVersion: 112.0.5615.49 (bd2a7bcb881c..., userDataDir: C:\Users\THINKP~1\AppData\L...}, goog:chromeOptions: {debuggerAddress: localhost:59345}, networkConnectionEnabled: false, pageLoadStrategy: normal, platformName: Windows 10, proxy: Proxy(), se:bidiEnabled: false, se:cdp: ws://192.168.137.1:4444/ses..., se:cdpVersion: 112.0.5615.138, setWindowRect: true, strictFileInteractability: false, timeouts: {implicit: 0, pageLoad: 300000, script: 30000}, unhandledPromptBehavior: dismiss and notify, webauthn:extension:credBlob: true, webauthn:extension:largeBlob: true, webauthn:extension:minPinLength: true, webauthn:extension:prf: true, webauthn:virtualAuthenticators: true}
Session ID: 96cd080335af9c3d241773ae68a1c1a9
	at test.AdminLoginTest.TC_05(AdminLoginTest.java:68)
</failure>
    <system-out><![CDATA[============================
TEST CASE PASS
Info: TC_04
RemoteWebDriver: chrome on Windows 10 (96cd080335af9c3d241773ae68a1c1a9)
============================
Test result: [TestResult name=TC_04 status=SUCCESS method=AdminLoginTest.TC_04()[pri:0, instance:test.AdminLoginTest@69ce2f62] output={null}]
Test context: org.testng.TestRunner@3b0c38f2
]]></system-out>
  </testcase>
  <testcase name="TC_06" classname="test.AdminLoginTest" time="0.918"/>
  <testcase name="TC_07" classname="test.AdminLoginTest" time="1.903">
    <failure message="expected [ Error: Invalid administrator login attempt.] but found [ Error: The maximum number of login attempts has been reached. Please try again in 5 minutes.]" type="java.lang.AssertionError">java.lang.AssertionError: expected [ Error: Invalid administrator login attempt.] but found [ Error: The maximum number of login attempts has been reached. Please try again in 5 minutes.]
	at test.AdminLoginTest.TC_07(AdminLoginTest.java:92)
</failure>
    <system-out><![CDATA[============================
TEST CASE PASS
Info: TC_06
RemoteWebDriver: chrome on Windows 10 (96cd080335af9c3d241773ae68a1c1a9)
============================
Test result: [TestResult name=TC_06 status=SUCCESS method=AdminLoginTest.TC_06(java.lang.String,java.lang.String)[pri:0, instance:test.AdminLoginTest@69ce2f62] output={null}]
Test context: org.testng.TestRunner@3b0c38f2
]]></system-out>
  </testcase>
</testsuite>